2026-02-04 19:24:59,566 | INFO | Logging system initialized successfully
2026-02-04 20:59:55,655 | ERROR | Binance API key or secret not found in environment variables
2026-02-04 21:04:15,291 | INFO | Binance Futures Testnet client initialized successfully
2026-02-04 21:05:42,961 | INFO | Binance Futures Testnet client initialized successfully
2026-02-04 21:08:24,029 | INFO | Binance Futures Testnet client initialized successfully
2026-02-04 21:08:24,029 | INFO | Placing MARKET order | Symbol: BTCUSDT, Side: BUY, Quantity: 0.001
2026-02-04 21:08:26,001 | ERROR | Market order failed: APIError(code=-1021): Timestamp for this request was 1000ms ahead of the server's time.
2026-02-04 21:10:11,807 | INFO | Binance Futures Testnet client initialized successfully
2026-02-04 21:10:11,807 | INFO | Placing MARKET order | Symbol: BTCUSDT, Side: BUY, Quantity: 0.001
2026-02-04 21:10:13,715 | ERROR | Market order failed: APIError(code=-1021): Timestamp for this request was 1000ms ahead of the server's time.
2026-02-04 21:12:14,613 | INFO | Binance Futures Testnet client initialized successfully
2026-02-04 21:12:14,614 | INFO | Placing MARKET order | Symbol: BTCUSDT, Side: BUY, Quantity: 0.001
2026-02-04 21:12:16,328 | ERROR | Market order failed: APIError(code=-4164): Order's notional must be no smaller than 100 (unless you choose reduce only).
2026-02-04 21:14:19,048 | INFO | Binance Futures Testnet client initialized successfully
2026-02-04 21:14:19,049 | INFO | Placing MARKET order | Symbol: BTCUSDT, Side: BUY, Quantity: 0.003
2026-02-04 21:14:23,709 | INFO | Market order placed successfully: {'orderId': 12113862555, 'symbol': 'BTCUSDT', 'status': 'NEW', 'clientOrderId': 'x-Cb7ytekJ73ba1f13a34180ba278214', 'price': '0.00', 'avgPrice': '0.00', 'origQty': '0.003', 'executedQty': '0.000', 'cumQty': '0.000', 'cumQuote': '0.00000', 'timeInForce': 'GTC', 'type': 'MARKET', 'reduceOnly': False, 'closePosition': False, 'side': 'BUY', 'positionSide': 'BOTH', 'stopPrice': '0.00', 'workingType': 'CONTRACT_PRICE', 'priceProtect': False, 'origType': 'MARKET', 'priceMatch': 'NONE', 'selfTradePreventionMode': 'EXPIRE_MAKER', 'goodTillDate': 0, 'updateTime': 1770219859752}
2026-02-04 21:15:12,820 | INFO | Binance Futures Testnet client initialized successfully
2026-02-04 21:15:12,820 | INFO | Placing MARKET order | Symbol: BTCUSDT, Side: BUY, Quantity: 0.003
2026-02-04 21:15:14,468 | INFO | Market order placed successfully: {'orderId': 12113878459, 'symbol': 'BTCUSDT', 'status': 'NEW', 'clientOrderId': 'x-Cb7ytekJeff2b92f455dc4b627fcaa', 'price': '0.00', 'avgPrice': '0.00', 'origQty': '0.003', 'executedQty': '0.000', 'cumQty': '0.000', 'cumQuote': '0.00000', 'timeInForce': 'GTC', 'type': 'MARKET', 'reduceOnly': False, 'closePosition': False, 'side': 'BUY', 'positionSide': 'BOTH', 'stopPrice': '0.00', 'workingType': 'CONTRACT_PRICE', 'priceProtect': False, 'origType': 'MARKET', 'priceMatch': 'NONE', 'selfTradePreventionMode': 'EXPIRE_MAKER', 'goodTillDate': 0, 'updateTime': 1770219910487}
2026-02-04 21:15:49,662 | INFO | Binance Futures Testnet client initialized successfully
2026-02-04 21:15:49,663 | INFO | Placing MARKET order | Symbol: BTCUSDT, Side: BUY, Quantity: 0.003
2026-02-04 21:15:51,965 | INFO | Market order placed successfully: {'orderId': 12113886081, 'symbol': 'BTCUSDT', 'status': 'NEW', 'clientOrderId': 'x-Cb7ytekJa77565a6a8d025ebc34f9a', 'price': '0.00', 'avgPrice': '0.00', 'origQty': '0.003', 'executedQty': '0.000', 'cumQty': '0.000', 'cumQuote': '0.00000', 'timeInForce': 'GTC', 'type': 'MARKET', 'reduceOnly': False, 'closePosition': False, 'side': 'BUY', 'positionSide': 'BOTH', 'stopPrice': '0.00', 'workingType': 'CONTRACT_PRICE', 'priceProtect': False, 'origType': 'MARKET', 'priceMatch': 'NONE', 'selfTradePreventionMode': 'EXPIRE_MAKER', 'goodTillDate': 0, 'updateTime': 1770219948020}
2026-02-04 21:15:51,970 | INFO | Order placed successfully: {'orderId': 12113886081, 'symbol': 'BTCUSDT', 'status': 'NEW', 'clientOrderId': 'x-Cb7ytekJa77565a6a8d025ebc34f9a', 'price': '0.00', 'avgPrice': '0.00', 'origQty': '0.003', 'executedQty': '0.000', 'cumQty': '0.000', 'cumQuote': '0.00000', 'timeInForce': 'GTC', 'type': 'MARKET', 'reduceOnly': False, 'closePosition': False, 'side': 'BUY', 'positionSide': 'BOTH', 'stopPrice': '0.00', 'workingType': 'CONTRACT_PRICE', 'priceProtect': False, 'origType': 'MARKET', 'priceMatch': 'NONE', 'selfTradePreventionMode': 'EXPIRE_MAKER', 'goodTillDate': 0, 'updateTime': 1770219948020}
2026-02-04 21:16:09,798 | INFO | Binance Futures Testnet client initialized successfully
2026-02-04 21:16:09,799 | INFO | Placing LIMIT order | Symbol: BTCUSDT, Side: SELL, Quantity: 0.003, Price: 45000.0
2026-02-04 21:16:10,926 | ERROR | Limit order failed: APIError(code=-4024): Limit price can't be lower than 70488.96.
2026-02-04 21:16:10,926 | ERROR | Error placing order: APIError(code=-4024): Limit price can't be lower than 70488.96.
2026-02-04 21:17:08,703 | INFO | Binance Futures Testnet client initialized successfully
2026-02-04 21:17:08,704 | INFO | Placing LIMIT order | Symbol: BTCUSDT, Side: SELL, Quantity: 0.003, Price: 71000.0
2026-02-04 21:17:10,073 | INFO | Limit order placed successfully: {'orderId': 12113900108, 'symbol': 'BTCUSDT', 'status': 'NEW', 'clientOrderId': 'x-Cb7ytekJb1d19aa8baaa4fcccd72ac', 'price': '71000.00', 'avgPrice': '0.00', 'origQty': '0.003', 'executedQty': '0.000', 'cumQty': '0.000', 'cumQuote': '0.00000', 'timeInForce': 'GTC', 'type': 'LIMIT', 'reduceOnly': False, 'closePosition': False, 'side': 'SELL', 'positionSide': 'BOTH', 'stopPrice': '0.00', 'workingType': 'CONTRACT_PRICE', 'priceProtect': False, 'origType': 'LIMIT', 'priceMatch': 'NONE', 'selfTradePreventionMode': 'EXPIRE_MAKER', 'goodTillDate': 0, 'updateTime': 1770220026059}
2026-02-04 21:17:10,078 | INFO | Order placed successfully: {'orderId': 12113900108, 'symbol': 'BTCUSDT', 'status': 'NEW', 'clientOrderId': 'x-Cb7ytekJb1d19aa8baaa4fcccd72ac', 'price': '71000.00', 'avgPrice': '0.00', 'origQty': '0.003', 'executedQty': '0.000', 'cumQty': '0.000', 'cumQuote': '0.00000', 'timeInForce': 'GTC', 'type': 'LIMIT', 'reduceOnly': False, 'closePosition': False, 'side': 'SELL', 'positionSide': 'BOTH', 'stopPrice': '0.00', 'workingType': 'CONTRACT_PRICE', 'priceProtect': False, 'origType': 'LIMIT', 'priceMatch': 'NONE', 'selfTradePreventionMode': 'EXPIRE_MAKER', 'goodTillDate': 0, 'updateTime': 1770220026059}
